AppMobile/flutter_proyecto_final/build/app/intermediates/manifest_merge_blame_file/debug/manifest-merger-blame-debug-report.txt
1<?xml version="1.0" encoding="utf-8"?>
2<manifest xmlns:android="http://schemas.android.com/apk/res/android"
3    package="com.example.flutter_proyecto_final"
4    android:versionCode="1"
5    android:versionName="1.0.0" >
6
7    <uses-sdk
8        android:minSdkVersion="16"
9        android:targetSdkVersion="31" />
10    <!--
11         Flutter needs it to communicate with the running application
12         to allow setting breakpoints, to provide hot reload, etc.
13    -->
14    <uses-permission android:name="android.permission.INTERNET" />
<<<<<<< HEAD
14-->src\debug\AndroidManifest.xml:6:5-66
14-->src\debug\AndroidManifest.xml:6:22-64
=======
14-->src\debug\AndroidManifest.xml:6:5-66
14-->src\debug\AndroidManifest.xml:6:22-64
>>>>>>> bb355a4fdb0e9f1f440cb21535344f3e40625bed
15
16    <application
17        android:name="android.app.Application"
18        android:appComponentFactory="androidx.core.app.CoreComponentFactory"
<<<<<<< HEAD
18-->[androidx.core:core:1.6.0] AndroidManifest.xml:24:18-86
=======
18-->[androidx.core:core:1.6.0] AndroidManifest.xml:24:18-86
>>>>>>> bb355a4fdb0e9f1f440cb21535344f3e40625bed
19        android:debuggable="true"
20        android:icon="@mipmap/ic_launcher"
21        android:label="flutter_proyecto_final" >
22        <activity
23            android:name="com.example.flutter_proyecto_final.MainActivity"
24            android:configChanges="orientation|keyboardHidden|keyboard|screenSize|smallestScreenSize|locale|layoutDirection|fontScale|screenLayout|density|uiMode"
25            android:exported="true"
26            android:hardwareAccelerated="true"
27            android:launchMode="singleTop"
28            android:theme="@style/LaunchTheme"
29            android:windowSoftInputMode="adjustResize" >
30
31            <!--
32                 Specifies an Android theme to apply to this Activity as soon as
33                 the Android process has started. This theme is visible to the user
34                 while the Flutter UI initializes. After that, this theme continues
35                 to determine the Window background behind the Flutter UI.
36            -->
37            <meta-data
38                android:name="io.flutter.embedding.android.NormalTheme"
39                android:resource="@style/NormalTheme" />
40
41            <intent-filter>
42                <action android:name="android.intent.action.MAIN" />
43
44                <category android:name="android.intent.category.LAUNCHER" />
45            </intent-filter>
46        </activity>
47        <!--
48             Don't delete the meta-data below.
49             This is used by the Flutter tool to generate GeneratedPluginRegistrant.java
50        -->
51        <meta-data
52            android:name="flutterEmbedding"
53            android:value="2" />
54
55        <provider
<<<<<<< HEAD
55-->[:image_picker_android] AndroidManifest.xml:8:9-16:20
56            android:name="io.flutter.plugins.imagepicker.ImagePickerFileProvider"
56-->[:image_picker_android] AndroidManifest.xml:9:13-82
57            android:authorities="com.example.flutter_proyecto_final.flutter.image_provider"
57-->[:image_picker_android] AndroidManifest.xml:10:13-74
58            android:exported="false"
58-->[:image_picker_android] AndroidManifest.xml:11:13-37
59            android:grantUriPermissions="true" >
59-->[:image_picker_android] AndroidManifest.xml:12:13-47
60            <meta-data
60-->[:image_picker_android] AndroidManifest.xml:13:13-15:75
61                android:name="android.support.FILE_PROVIDER_PATHS"
61-->[:image_picker_android] AndroidManifest.xml:14:17-67
62                android:resource="@xml/flutter_image_picker_file_paths" />
62-->[:image_picker_android] AndroidManifest.xml:15:17-72
63        </provider>
64
65        <uses-library
65-->[androidx.window:window:1.0.0-beta04] AndroidManifest.xml:25:9-27:40
66            android:name="androidx.window.extensions"
66-->[androidx.window:window:1.0.0-beta04] AndroidManifest.xml:26:13-54
67            android:required="false" />
67-->[androidx.window:window:1.0.0-beta04] AndroidManifest.xml:27:13-37
68        <uses-library
68-->[androidx.window:window:1.0.0-beta04] AndroidManifest.xml:28:9-30:40
69            android:name="androidx.window.sidecar"
69-->[androidx.window:window:1.0.0-beta04] AndroidManifest.xml:29:13-51
70            android:required="false" />
70-->[androidx.window:window:1.0.0-beta04] AndroidManifest.xml:30:13-37
71    </application>
72
73</manifest>
=======
55-->[:image_picker_android] AndroidManifest.xml:8:9-16:20
56            android:name="io.flutter.plugins.imagepicker.ImagePickerFileProvider"
56-->[:image_picker_android] AndroidManifest.xml:9:13-82
57            android:authorities="com.example.flutter_proyecto_final.flutter.image_provider"
57-->[:image_picker_android] AndroidManifest.xml:10:13-74
58            android:exported="false"
58-->[:image_picker_android] AndroidManifest.xml:11:13-37
59            android:grantUriPermissions="true" >
59-->[:image_picker_android] AndroidManifest.xml:12:13-47
60            <meta-data
60-->[:image_picker_android] AndroidManifest.xml:13:13-15:75
61                android:name="android.support.FILE_PROVIDER_PATHS"
61-->[:image_picker_android] AndroidManifest.xml:14:17-67
62                android:resource="@xml/flutter_image_picker_file_paths" />
62-->[:image_picker_android] AndroidManifest.xml:15:17-72
63        </provider>
64    </application>
65
66</manifest>
>>>>>>> bb355a4fdb0e9f1f440cb21535344f3e40625bed